2018-12-02 11:42:10,134 TRACE modelio.core     - Closing the 'skywritter' project ...
2018-12-02 11:42:12,123 TRACE modelio.core     - Closed the 'skywritter' project.
2018-12-02 11:42:12,450 INFO  o.m.admtool      - BundleEvent STOPPED
2018-12-02 11:42:12,455 INFO  o.m.api.impl     - BundleEvent STOPPED
2018-12-02 11:42:12,456 INFO  o.m.a.p.conf.ext - BundleEvent STOPPED
2018-12-02 11:42:12,456 INFO  o.m.a.p.conf     - BundleEvent STOPPED
2018-12-02 11:42:12,456 INFO  o.m.a.m.import   - BundleEvent STOPPED
2018-12-02 11:42:12,457 INFO  o.m.app.modules  - BundleEvent STOPPED
2018-12-02 11:42:12,457 INFO  o.m.a.p.core.ext - BundleEvent STOPPED
2018-12-02 11:42:12,457 INFO  o.m.a.p.ui.ext   - BundleEvent STOPPED
2018-12-02 11:42:12,457 INFO  o.m.a.project.ui - BundleEvent STOPPED
2018-12-02 11:42:12,458 INFO  o.m.app.ramcs    - BundleEvent STOPPED
2018-12-02 11:42:12,458 INFO  o.m.c.wizard.ext - BundleEvent STOPPED
2018-12-02 11:42:12,458 INFO  o.m.bpmn.ui      - BundleEvent STOPPED
2018-12-02 11:42:12,459 INFO  o.m.uml.ui.ext   - BundleEvent STOPPED
2018-12-02 11:42:12,460 INFO  o.modelio.uml.ui - BundleEvent STOPPED
2018-12-02 11:42:12,460 INFO  o.m.d.e.bpmn     - BundleEvent STOPPED
2018-12-02 11:42:12,460 INFO  o.m.diagram.api  - BundleEvent STOPPED
2018-12-02 11:42:12,460 INFO  o.m.d.e.activity - BundleEvent STOPPED
2018-12-02 11:42:12,461 INFO  .e.communication - BundleEvent STOPPED
2018-12-02 11:42:12,461 INFO  .m.d.e.composite - BundleEvent STOPPED
2018-12-02 11:42:12,461 INFO  m.d.e.deployment - BundleEvent STOPPED
2018-12-02 11:42:12,461 INFO  o.m.d.e.object   - BundleEvent STOPPED
2018-12-02 11:42:12,461 INFO  o.m.d.e.sequence - BundleEvent STOPPED
2018-12-02 11:42:12,462 INFO  o.m.d.e.state    - BundleEvent STOPPED
2018-12-02 11:42:12,462 INFO  o.m.d.e.usecase  - BundleEvent STOPPED
2018-12-02 11:42:12,462 INFO  o.m.d.e.statik   - BundleEvent STOPPED
2018-12-02 11:42:12,462 INFO  o.m.d.editor     - ServiceEvent UNREGISTERING
2018-12-02 11:42:12,462 INFO  o.m.d.editor     - ServiceEvent UNREGISTERING
2018-12-02 11:42:12,462 INFO  o.m.d.editor     - BundleEvent STOPPED
2018-12-02 11:42:12,463 INFO  o.m.bpmn-xml     - BundleEvent STOPPED
2018-12-02 11:42:12,463 INFO  o.m.c.wizard     - BundleEvent STOPPED
2018-12-02 11:42:12,463 INFO  .m.d.diagramauto - BundleEvent STOPPED
2018-12-02 11:42:12,463 INFO  o.m.m.b.view.ext - BundleEvent STOPPED
2018-12-02 11:42:12,464 INFO  o.m.patterns     - BundleEvent STOPPED
2018-12-02 11:42:12,464 INFO  o.m.e.notes      - BundleEvent STOPPED
2018-12-02 11:42:12,464 INFO  o.modelio.script - BundleEvent STOPPED
2018-12-02 11:42:12,464 INFO  org.modelio.xmi  - BundleEvent STOPPED
2018-12-02 11:42:12,464 INFO  o.m.e.dialogs    - BundleEvent STOPPED
2018-12-02 11:42:12,465 INFO  o.m.m.property   - BundleEvent STOPPED
2018-12-02 11:42:12,465 INFO  o.m.propertyview - BundleEvent STOPPED
2018-12-02 11:42:12,465 INFO  o.m.s.browser    - BundleEvent STOPPED
2018-12-02 11:42:12,465 INFO  o.modelio.app.ui - BundleEvent STOPPED
2018-12-02 11:42:12,465 INFO  o.m.l.editor.ext - BundleEvent STOPPED
2018-12-02 11:42:12,465 INFO  o.m.link.editor  - BundleEvent STOPPED
2018-12-02 11:42:12,466 INFO  o.m.m.b.view     - BundleEvent STOPPED
2018-12-02 11:42:12,466 INFO  o.m.d.browser    - BundleEvent STOPPED
2018-12-02 11:42:12,466 INFO  o.m.a.update.ext - BundleEvent STOPPED
2018-12-02 11:42:12,466 INFO  o.m.app.update   - BundleEvent STOPPED
2018-12-02 11:42:12,467 INFO  o.m.audit.ext    - BundleEvent STOPPED
2018-12-02 11:42:12,467 INFO  o.modelio.audit  - BundleEvent STOPPED
2018-12-02 11:42:12,467 INFO  o.m.d.symbol     - BundleEvent STOPPED
2018-12-02 11:42:12,467 INFO  o.m.d.elements   - BundleEvent STOPPED
2018-12-02 11:42:12,467 INFO  o.m.d.styles     - BundleEvent STOPPED
2018-12-02 11:42:12,468 INFO  .e.r.libreoffice - BundleEvent STOPPED
2018-12-02 11:42:12,468 INFO  o.m.e.richnote   - ServiceEvent UNREGISTERING
2018-12-02 11:42:12,468 INFO  o.m.e.richnote   - BundleEvent STOPPED
2018-12-02 11:42:12,468 INFO  o.m.model.search - BundleEvent STOPPED
2018-12-02 11:42:12,468 INFO  .m.m.propertytab - BundleEvent STOPPED
2018-12-02 11:42:12,469 INFO  o.m.a.p.core     - BundleEvent STOPPED
2018-12-02 11:42:12,469 INFO  o.m.core.ui      - BundleEvent STOPPED
2018-12-02 11:42:12,469 INFO  .m.e.texteditors - ServiceEvent UNREGISTERING
2018-12-02 11:42:12,469 INFO  .m.e.texteditors - BundleEvent STOPPED
2018-12-02 11:42:12,469 INFO  o.m.m.b.commands - BundleEvent STOPPED
2018-12-02 11:42:12,470 INFO  o.m.m.commands   - BundleEvent STOPPED
2018-12-02 11:42:12,470 INFO  o.m.mda.infra    - BundleEvent STOPPED
2018-12-02 11:42:12,470 INFO  o.m.s.engine     - BundleEvent STOPPED
2018-12-02 11:42:12,470 INFO  org.modelio.api  - BundleEvent STOPPED
2018-12-02 11:42:12,470 INFO  o.m.d.outline    - BundleEvent STOPPED
2018-12-02 11:42:12,470 INFO  .m.d.persistence - BundleEvent STOPPED
2018-12-02 11:42:12,471 INFO  org.modelio.ui   - BundleEvent STOPPED
2018-12-02 11:42:12,473 INFO  o.m.b.extensions - BundleEvent STOPPED
2018-12-02 11:42:12,474 INFO  o.m.m.extensions - BundleEvent STOPPED
2018-12-02 11:42:12,474 INFO  o.m.u.extensions - BundleEvent STOPPED
2018-12-02 11:42:12,475 INFO  o.m.app.core     - BundleEvent STOPPED
2018-12-02 11:42:12,475 INFO  .m.a.preferences - BundleEvent STOPPED
2018-12-02 11:42:12,475 INFO  o.m.core.rcp     - BundleEvent STOPPED
2018-12-02 11:42:12,535 INFO  o.m.b.m.api      - BundleEvent STOPPED
2018-12-02 11:42:12,536 INFO  m.implementation - BundleEvent STOPPED
2018-12-02 11:42:12,536 INFO  o.m.u.m.api      - BundleEvent STOPPED
2018-12-02 11:42:12,536 INFO  m.implementation - BundleEvent STOPPED
2018-12-02 11:42:12,536 INFO  o.modelio.vaudit - BundleEvent STOPPED
2018-12-02 11:42:12,562 INFO  o.m.m.s.engine   - BundleEvent STOPPED
2018-12-02 11:43:12,365 ERROR modelio.core     - Kernel log test : error enabled.
2018-12-02 11:43:12,366 WARN  modelio.core     - Kernel log test : warning enabled.
2018-12-02 11:43:12,366 TRACE modelio.core     - Kernel log test : trace enabled.
2018-12-02 11:43:12,368 INFO  o.modelio.utils  - BundleEvent STARTED
2018-12-02 11:43:12,368 INFO  .m.e.texteditors - BundleEvent STARTED
2018-12-02 11:43:12,371 INFO  o.m.e.richnote   - BundleEvent STARTED
2018-12-02 11:43:12,374 INFO  o.m.d.editor     - BundleEvent STARTED
2018-12-02 11:43:12,431 INFO  o.m.d.elements   - BundleEvent STARTED
2018-12-02 11:43:12,983 INFO  o.modelio.app.ui - Log level: 1
2018-12-02 11:43:12,988 INFO  .m.a.preferences - BundleEvent STARTED
2018-12-02 11:43:13,005 INFO  o.modelio.app.ui - BundleEvent STARTED
2018-12-02 11:43:13,020 INFO  o.m.a.p.core     - BundleEvent STARTED
2018-12-02 11:43:13,021 INFO  o.m.app.core     - BundleEvent STARTED
2018-12-02 11:43:13,198 INFO  o.m.a.update.ext - BundleEvent STARTED
2018-12-02 11:43:13,390 INFO  org.modelio.ui   - BundleEvent STARTED
2018-12-02 11:43:13,685 INFO  .m.d.persistence - BundleEvent STARTED
2018-12-02 11:43:13,687 INFO  o.m.d.styles     - BundleEvent STARTED
2018-12-02 11:43:13,695 INFO  o.m.core.rcp     - BundleEvent STARTED
2018-12-02 11:43:13,746 INFO  o.m.a.p.core.ext - BundleEvent STARTED
2018-12-02 11:43:13,764 INFO  .m.m.propertytab - BundleEvent STARTED
2018-12-02 11:43:13,779 INFO  o.m.mda.infra    - BundleEvent STARTED
2018-12-02 11:43:13,785 INFO  org.modelio.api  - BundleEvent STARTED
2018-12-02 11:43:13,808 INFO  o.m.app.ramcs    - BundleEvent STARTED
2018-12-02 11:43:13,814 INFO  o.m.d.e.statik   - BundleEvent STARTED
2018-12-02 11:43:13,891 INFO  o.m.d.e.bpmn     - BundleEvent STARTED
2018-12-02 11:43:13,928 INFO  o.m.d.e.object   - BundleEvent STARTED
2018-12-02 11:43:13,938 INFO  o.m.d.e.sequence - BundleEvent STARTED
2018-12-02 11:43:13,972 INFO  m.d.e.deployment - BundleEvent STARTED
2018-12-02 11:43:14,000 INFO  o.m.d.e.state    - BundleEvent STARTED
2018-12-02 11:43:14,027 INFO  o.m.d.e.usecase  - BundleEvent STARTED
2018-12-02 11:43:14,067 INFO  .e.communication - BundleEvent STARTED
2018-12-02 11:43:14,083 INFO  o.m.d.e.activity - BundleEvent STARTED
2018-12-02 11:43:14,111 INFO  .m.d.e.composite - BundleEvent STARTED
2018-12-02 11:43:14,121 INFO  o.m.api.impl     - BundleEvent STARTED
2018-12-02 11:43:14,855 INFO  o.modelio.audit  - BundleEvent STARTED
2018-12-02 11:43:14,893 INFO  o.m.bpmn.ui      - BundleEvent STARTED
2018-12-02 11:43:14,909 INFO  o.modelio.uml.ui - BundleEvent STARTED
2018-12-02 11:43:15,108 INFO  o.m.audit.ext    - BundleEvent STARTED
2018-12-02 11:43:15,113 INFO  o.m.m.commands   - BundleEvent STARTED
2018-12-02 11:43:15,124 INFO  o.m.m.b.view     - BundleEvent STARTED
2018-12-02 11:43:15,127 INFO  o.m.patterns     - BundleEvent STARTED
2018-12-02 11:43:15,144 INFO  o.modelio.script - BundleEvent STARTED
2018-12-02 11:43:15,158 INFO  o.m.e.dialogs    - BundleEvent STARTED
2018-12-02 11:43:15,170 INFO  o.m.m.b.view.ext - BundleEvent STARTED
2018-12-02 11:43:15,455 INFO  o.m.model.search - BundleEvent STARTED
2018-12-02 11:43:15,456 INFO  o.m.m.s.engine   - BundleEvent STARTED
2018-12-02 11:43:15,458 INFO  o.m.app.modules  - BundleEvent STARTED
2018-12-02 11:43:15,461 INFO  o.m.a.p.conf     - BundleEvent STARTED
2018-12-02 11:43:15,511 INFO  o.m.m.property   - BundleEvent STARTED
2018-12-02 11:43:15,516 INFO  o.m.core.ui      - BundleEvent STARTED
2018-12-02 11:43:15,523 INFO  org.modelio.xmi  - BundleEvent STARTED
2018-12-02 11:43:15,527 INFO  .m.d.diagramauto - BundleEvent STARTED
2018-12-02 11:43:15,534 INFO  o.m.a.project.ui - BundleEvent STARTED
2018-12-02 11:43:15,544 INFO  o.m.bpmn-xml     - BundleEvent STARTED
2018-12-02 11:43:15,550 INFO  o.m.admtool      - BundleEvent STARTED
2018-12-02 11:43:15,569 INFO  o.m.a.m.import   - BundleEvent STARTED
2018-12-02 11:43:15,573 INFO  o.m.a.p.ui.ext   - FrameworkEvent INFO
2018-12-02 11:43:15,575 INFO  o.m.a.p.ui.ext   - BundleEvent STARTED
2018-12-02 11:43:15,582 INFO  o.m.c.wizard.ext - BundleEvent STARTED
2018-12-02 11:43:15,587 INFO  o.m.c.wizard     - BundleEvent STARTED
2018-12-02 11:43:21,487 INFO  o.modelio.vaudit - BundleEvent STARTED
2018-12-02 11:43:21,781 INFO  o.m.diagram.api  - BundleEvent STARTED
2018-12-02 11:43:24,501 INFO  o.m.e.notes      - BundleEvent STARTED
2018-12-02 11:43:25,194 INFO  o.m.d.symbol     - BundleEvent STARTED
2018-12-02 11:43:33,674 TRACE modelio.core     - Closing the 'skywritter' project ...
2018-12-02 11:43:36,477 TRACE modelio.core     - Closed the 'skywritter' project.
2018-12-02 11:43:36,797 INFO  o.m.admtool      - BundleEvent STOPPED
2018-12-02 11:43:36,798 INFO  o.m.api.impl     - BundleEvent STOPPED
2018-12-02 11:43:36,798 INFO  o.m.a.p.conf.ext - BundleEvent STOPPED
2018-12-02 11:43:36,799 INFO  o.m.a.p.conf     - BundleEvent STOPPED
2018-12-02 11:43:36,801 INFO  o.m.a.m.import   - BundleEvent STOPPED
2018-12-02 11:43:36,801 INFO  o.m.app.modules  - BundleEvent STOPPED
2018-12-02 11:43:36,802 INFO  o.m.a.p.core.ext - BundleEvent STOPPED
2018-12-02 11:43:36,803 INFO  o.m.a.p.ui.ext   - BundleEvent STOPPED
2018-12-02 11:43:36,803 INFO  o.m.a.project.ui - BundleEvent STOPPED
2018-12-02 11:43:36,803 INFO  o.m.app.ramcs    - BundleEvent STOPPED
2018-12-02 11:43:36,803 INFO  o.m.c.wizard.ext - BundleEvent STOPPED
2018-12-02 11:43:36,805 INFO  o.m.bpmn.ui      - BundleEvent STOPPED
2018-12-02 11:43:36,805 INFO  o.m.uml.ui.ext   - BundleEvent STOPPED
2018-12-02 11:43:36,805 INFO  o.modelio.uml.ui - BundleEvent STOPPED
2018-12-02 11:43:36,805 INFO  o.m.d.e.bpmn     - BundleEvent STOPPED
2018-12-02 11:43:36,805 INFO  o.m.diagram.api  - BundleEvent STOPPED
2018-12-02 11:43:36,805 INFO  o.m.d.e.activity - BundleEvent STOPPED
2018-12-02 11:43:36,805 INFO  .e.communication - BundleEvent STOPPED
2018-12-02 11:43:36,806 INFO  .m.d.e.composite - BundleEvent STOPPED
2018-12-02 11:43:36,806 INFO  m.d.e.deployment - BundleEvent STOPPED
2018-12-02 11:43:36,807 INFO  o.m.d.e.object   - BundleEvent STOPPED
2018-12-02 11:43:36,807 INFO  o.m.d.e.sequence - BundleEvent STOPPED
2018-12-02 11:43:36,807 INFO  o.m.d.e.state    - BundleEvent STOPPED
2018-12-02 11:43:36,807 INFO  o.m.d.e.usecase  - BundleEvent STOPPED
2018-12-02 11:43:36,808 INFO  o.m.d.editor     - ServiceEvent UNREGISTERING
2018-12-02 11:43:36,808 INFO  o.m.d.e.statik   - BundleEvent STOPPED
2018-12-02 11:43:36,808 INFO  o.m.d.editor     - ServiceEvent UNREGISTERING
2018-12-02 11:43:36,808 INFO  o.m.d.editor     - BundleEvent STOPPED
2018-12-02 11:43:36,809 INFO  o.m.bpmn-xml     - BundleEvent STOPPED
2018-12-02 11:43:36,810 INFO  o.m.c.wizard     - BundleEvent STOPPED
2018-12-02 11:43:36,810 INFO  .m.d.diagramauto - BundleEvent STOPPED
2018-12-02 11:43:36,811 INFO  o.m.m.b.view.ext - BundleEvent STOPPED
2018-12-02 11:43:36,813 INFO  o.m.patterns     - BundleEvent STOPPED
2018-12-02 11:43:36,814 INFO  o.m.e.notes      - BundleEvent STOPPED
2018-12-02 11:43:36,817 INFO  o.modelio.script - BundleEvent STOPPED
2018-12-02 11:43:36,820 INFO  org.modelio.xmi  - BundleEvent STOPPED
2018-12-02 11:43:36,820 INFO  o.m.e.dialogs    - BundleEvent STOPPED
2018-12-02 11:43:36,820 INFO  o.m.m.property   - BundleEvent STOPPED
2018-12-02 11:43:36,821 INFO  o.m.propertyview - BundleEvent STOPPED
2018-12-02 11:43:36,821 INFO  o.m.s.browser    - BundleEvent STOPPED
2018-12-02 11:43:36,821 INFO  o.modelio.app.ui - BundleEvent STOPPED
2018-12-02 11:43:36,821 INFO  o.m.l.editor.ext - BundleEvent STOPPED
2018-12-02 11:43:36,822 INFO  o.m.link.editor  - BundleEvent STOPPED
2018-12-02 11:43:36,822 INFO  o.m.m.b.view     - BundleEvent STOPPED
2018-12-02 11:43:36,823 INFO  o.m.d.browser    - BundleEvent STOPPED
2018-12-02 11:43:36,823 INFO  o.m.a.update.ext - BundleEvent STOPPED
2018-12-02 11:43:36,823 INFO  o.m.app.update   - BundleEvent STOPPED
2018-12-02 11:43:36,823 INFO  o.m.audit.ext    - BundleEvent STOPPED
2018-12-02 11:43:36,823 INFO  o.modelio.audit  - BundleEvent STOPPED
2018-12-02 11:43:36,824 INFO  o.m.d.symbol     - BundleEvent STOPPED
2018-12-02 11:43:36,824 INFO  o.m.d.elements   - BundleEvent STOPPED
2018-12-02 11:43:36,824 INFO  o.m.d.styles     - BundleEvent STOPPED
2018-12-02 11:43:36,824 INFO  o.m.e.richnote   - ServiceEvent UNREGISTERING
2018-12-02 11:43:36,824 INFO  .e.r.libreoffice - BundleEvent STOPPED
2018-12-02 11:43:36,825 INFO  o.m.e.richnote   - BundleEvent STOPPED
2018-12-02 11:43:36,828 INFO  o.m.model.search - BundleEvent STOPPED
2018-12-02 11:43:36,829 INFO  .m.m.propertytab - BundleEvent STOPPED
2018-12-02 11:43:36,830 INFO  o.m.a.p.core     - BundleEvent STOPPED
2018-12-02 11:43:36,830 INFO  .m.e.texteditors - ServiceEvent UNREGISTERING
2018-12-02 11:43:36,830 INFO  o.m.core.ui      - BundleEvent STOPPED
2018-12-02 11:43:36,830 INFO  .m.e.texteditors - BundleEvent STOPPED
2018-12-02 11:43:36,831 INFO  o.m.m.b.commands - BundleEvent STOPPED
2018-12-02 11:43:36,832 INFO  o.m.m.commands   - BundleEvent STOPPED
2018-12-02 11:43:36,833 INFO  o.m.mda.infra    - BundleEvent STOPPED
2018-12-02 11:43:36,833 INFO  o.m.s.engine     - BundleEvent STOPPED
2018-12-02 11:43:36,834 INFO  org.modelio.api  - BundleEvent STOPPED
2018-12-02 11:43:36,836 INFO  o.m.d.outline    - BundleEvent STOPPED
2018-12-02 11:43:36,847 INFO  .m.d.persistence - BundleEvent STOPPED
2018-12-02 11:43:36,848 INFO  org.modelio.ui   - BundleEvent STOPPED
2018-12-02 11:43:36,848 INFO  o.m.b.extensions - BundleEvent STOPPED
2018-12-02 11:43:36,850 INFO  o.m.m.extensions - BundleEvent STOPPED
2018-12-02 11:43:36,850 INFO  o.m.u.extensions - BundleEvent STOPPED
2018-12-02 11:43:36,850 INFO  o.m.app.core     - BundleEvent STOPPED
2018-12-02 11:43:36,850 INFO  .m.a.preferences - BundleEvent STOPPED
2018-12-02 11:43:36,850 INFO  o.m.core.rcp     - BundleEvent STOPPED
2018-12-02 11:43:36,900 INFO  o.m.b.m.api      - BundleEvent STOPPED
2018-12-02 11:43:36,900 INFO  m.implementation - BundleEvent STOPPED
2018-12-02 11:43:36,900 INFO  o.m.u.m.api      - BundleEvent STOPPED
2018-12-02 11:43:36,900 INFO  m.implementation - BundleEvent STOPPED
2018-12-02 11:43:36,900 INFO  o.modelio.vaudit - BundleEvent STOPPED
2018-12-02 11:43:36,910 INFO  o.m.m.s.engine   - BundleEvent STOPPED
2018-12-02 14:15:02,411 ERROR modelio.core     - Kernel log test : error enabled.
2018-12-02 14:15:02,412 WARN  modelio.core     - Kernel log test : warning enabled.
2018-12-02 14:15:02,413 TRACE modelio.core     - Kernel log test : trace enabled.
2018-12-02 14:15:02,414 INFO  o.modelio.utils  - BundleEvent STARTED
2018-12-02 14:15:02,414 INFO  .m.e.texteditors - BundleEvent STARTED
2018-12-02 14:15:02,418 INFO  o.m.e.richnote   - BundleEvent STARTED
2018-12-02 14:15:02,422 INFO  o.m.d.editor     - BundleEvent STARTED
2018-12-02 14:15:02,498 INFO  o.m.d.elements   - BundleEvent STARTED
2018-12-02 14:15:03,044 INFO  o.modelio.app.ui - Log level: 1
2018-12-02 14:15:03,070 INFO  .m.a.preferences - BundleEvent STARTED
2018-12-02 14:15:03,071 INFO  o.modelio.app.ui - BundleEvent STARTED
2018-12-02 14:15:03,074 INFO  o.m.a.p.core     - BundleEvent STARTED
2018-12-02 14:15:03,077 INFO  o.m.app.core     - BundleEvent STARTED
2018-12-02 14:15:03,227 INFO  o.m.a.update.ext - BundleEvent STARTED
2018-12-02 14:15:03,435 INFO  org.modelio.ui   - BundleEvent STARTED
2018-12-02 14:15:03,668 INFO  .m.d.persistence - BundleEvent STARTED
2018-12-02 14:15:03,670 INFO  o.m.d.styles     - BundleEvent STARTED
2018-12-02 14:15:03,678 INFO  o.m.core.rcp     - BundleEvent STARTED
2018-12-02 14:15:03,734 INFO  o.m.a.p.core.ext - BundleEvent STARTED
2018-12-02 14:15:03,743 INFO  .m.m.propertytab - BundleEvent STARTED
2018-12-02 14:15:03,747 INFO  o.m.mda.infra    - BundleEvent STARTED
2018-12-02 14:15:03,755 INFO  org.modelio.api  - BundleEvent STARTED
2018-12-02 14:15:03,786 INFO  o.m.app.ramcs    - BundleEvent STARTED
2018-12-02 14:15:03,792 INFO  o.m.d.e.statik   - BundleEvent STARTED
2018-12-02 14:15:03,869 INFO  o.m.d.e.bpmn     - BundleEvent STARTED
2018-12-02 14:15:03,899 INFO  o.m.d.e.object   - BundleEvent STARTED
2018-12-02 14:15:03,909 INFO  o.m.d.e.sequence - BundleEvent STARTED
2018-12-02 14:15:03,938 INFO  m.d.e.deployment - BundleEvent STARTED
2018-12-02 14:15:03,948 INFO  o.m.d.e.state    - BundleEvent STARTED
2018-12-02 14:15:04,011 INFO  o.m.d.e.usecase  - BundleEvent STARTED
2018-12-02 14:15:04,012 INFO  .e.communication - BundleEvent STARTED
2018-12-02 14:15:04,012 INFO  o.m.d.e.activity - BundleEvent STARTED
2018-12-02 14:15:04,043 INFO  .m.d.e.composite - BundleEvent STARTED
2018-12-02 14:15:04,057 INFO  o.m.api.impl     - BundleEvent STARTED
2018-12-02 14:15:05,055 INFO  o.modelio.audit  - BundleEvent STARTED
2018-12-02 14:15:05,098 INFO  o.m.bpmn.ui      - BundleEvent STARTED
2018-12-02 14:15:05,141 INFO  o.modelio.uml.ui - BundleEvent STARTED
2018-12-02 14:15:05,356 INFO  o.m.audit.ext    - BundleEvent STARTED
2018-12-02 14:15:05,362 INFO  o.m.m.commands   - BundleEvent STARTED
2018-12-02 14:15:05,367 INFO  o.m.m.b.view     - BundleEvent STARTED
2018-12-02 14:15:05,372 INFO  o.m.patterns     - BundleEvent STARTED
2018-12-02 14:15:05,378 INFO  o.modelio.script - BundleEvent STARTED
2018-12-02 14:15:05,387 INFO  o.m.e.dialogs    - BundleEvent STARTED
2018-12-02 14:15:05,404 INFO  o.m.m.b.view.ext - BundleEvent STARTED
2018-12-02 14:15:05,630 INFO  o.m.model.search - BundleEvent STARTED
2018-12-02 14:15:05,630 INFO  o.m.m.s.engine   - BundleEvent STARTED
2018-12-02 14:15:05,630 INFO  o.m.app.modules  - BundleEvent STARTED
2018-12-02 14:15:05,631 INFO  o.m.a.p.conf     - BundleEvent STARTED
2018-12-02 14:15:05,666 INFO  o.m.m.property   - BundleEvent STARTED
2018-12-02 14:15:05,671 INFO  o.m.core.ui      - BundleEvent STARTED
2018-12-02 14:15:05,678 INFO  org.modelio.xmi  - BundleEvent STARTED
2018-12-02 14:15:05,690 INFO  .m.d.diagramauto - BundleEvent STARTED
2018-12-02 14:15:05,690 INFO  o.m.a.project.ui - BundleEvent STARTED
2018-12-02 14:15:05,700 INFO  o.m.bpmn-xml     - BundleEvent STARTED
2018-12-02 14:15:05,704 INFO  o.m.admtool      - BundleEvent STARTED
2018-12-02 14:15:05,729 INFO  o.m.a.m.import   - BundleEvent STARTED
2018-12-02 14:15:05,729 INFO  o.m.a.p.ui.ext   - FrameworkEvent INFO
2018-12-02 14:15:05,729 INFO  o.m.a.p.ui.ext   - BundleEvent STARTED
2018-12-02 14:15:05,731 INFO  o.m.c.wizard.ext - BundleEvent STARTED
2018-12-02 14:15:05,733 INFO  o.m.c.wizard     - BundleEvent STARTED
2018-12-02 14:15:12,966 INFO  o.modelio.vaudit - BundleEvent STARTED
2018-12-02 14:15:13,168 INFO  o.m.diagram.api  - BundleEvent STARTED
2018-12-02 14:15:15,103 INFO  o.m.e.notes      - BundleEvent STARTED
2018-12-02 14:15:15,772 INFO  o.m.d.symbol     - BundleEvent STARTED
2018-12-02 14:15:28,545 INFO  o.m.m.b.commands - BundleEvent STARTED
